[0.736s] Invoking command in '/home/naoki/ros2_ws/src/mypkg': PYTHONPATH=/home/naoki/ros2_ws/src/mypkg/build/mypkg/prefix_override:/usr/lib/python3/dist-packages/colcon_core/task/python/colcon_distutils_commands:/home/naoki/ros2_ws/src/mypkg/install/mypkg/lib/python3.8/site-packages:${PYTHONPATH} /usr/bin/python3 -W ignore:setup.py install is deprecated setup.py egg_info --egg-base build/mypkg build --build-base /home/naoki/ros2_ws/src/mypkg/build/mypkg/build install --record /home/naoki/ros2_ws/src/mypkg/build/mypkg/install.log --install-scripts $base/lib/mypkg --single-version-externally-managed install_data
[0.970s] running egg_info
[0.971s] creating build/mypkg/mypkg.egg-info
[0.971s] writing build/mypkg/mypkg.egg-info/PKG-INFO
[0.972s] writing dependency_links to build/mypkg/mypkg.egg-info/dependency_links.txt
[0.972s] writing entry points to build/mypkg/mypkg.egg-info/entry_points.txt
[0.972s] writing requirements to build/mypkg/mypkg.egg-info/requires.txt
[0.973s] writing top-level names to build/mypkg/mypkg.egg-info/top_level.txt
[0.974s] writing manifest file 'build/mypkg/mypkg.egg-info/SOURCES.txt'
[1.013s] reading manifest file 'build/mypkg/mypkg.egg-info/SOURCES.txt'
[1.014s] writing manifest file 'build/mypkg/mypkg.egg-info/SOURCES.txt'
[1.016s] running build
[1.017s] running build_py
[1.017s] creating /home/naoki/ros2_ws/src/mypkg/build/mypkg/build
[1.017s] creating /home/naoki/ros2_ws/src/mypkg/build/mypkg/build/lib
[1.017s] creating /home/naoki/ros2_ws/src/mypkg/build/mypkg/build/lib/mypkg
[1.017s] copying mypkg/__init__.py -> /home/naoki/ros2_ws/src/mypkg/build/mypkg/build/lib/mypkg
[1.018s] copying mypkg/talker.py -> /home/naoki/ros2_ws/src/mypkg/build/mypkg/build/lib/mypkg
[1.018s] running install
[1.019s] running install_lib
[1.020s] creating /home/naoki/ros2_ws/src/mypkg/install/mypkg/lib/python3.8/site-packages/mypkg
[1.021s] copying /home/naoki/ros2_ws/src/mypkg/build/mypkg/build/lib/mypkg/__init__.py -> /home/naoki/ros2_ws/src/mypkg/install/mypkg/lib/python3.8/site-packages/mypkg
[1.021s] copying /home/naoki/ros2_ws/src/mypkg/build/mypkg/build/lib/mypkg/talker.py -> /home/naoki/ros2_ws/src/mypkg/install/mypkg/lib/python3.8/site-packages/mypkg
[1.022s] byte-compiling /home/naoki/ros2_ws/src/mypkg/install/mypkg/lib/python3.8/site-packages/mypkg/__init__.py to __init__.cpython-38.pyc
[1.023s] byte-compiling /home/naoki/ros2_ws/src/mypkg/install/mypkg/lib/python3.8/site-packages/mypkg/talker.py to talker.cpython-38.pyc
[1.024s] running install_data
[1.024s] creating /home/naoki/ros2_ws/src/mypkg/install/mypkg/share/ament_index
[1.024s] creating /home/naoki/ros2_ws/src/mypkg/install/mypkg/share/ament_index/resource_index
[1.024s] creating /home/naoki/ros2_ws/src/mypkg/install/mypkg/share/ament_index/resource_index/packages
[1.025s] copying resource/mypkg -> /home/naoki/ros2_ws/src/mypkg/install/mypkg/share/ament_index/resource_index/packages
[1.025s] copying package.xml -> /home/naoki/ros2_ws/src/mypkg/install/mypkg/share/mypkg
[1.026s] running install_egg_info
[1.028s] Copying build/mypkg/mypkg.egg-info to /home/naoki/ros2_ws/src/mypkg/install/mypkg/lib/python3.8/site-packages/mypkg-0.0.0-py3.8.egg-info
[1.029s] running install_scripts
[1.050s] Installing talker script to /home/naoki/ros2_ws/src/mypkg/install/mypkg/lib/mypkg
[1.051s] writing list of installed files to '/home/naoki/ros2_ws/src/mypkg/build/mypkg/install.log'
[1.078s] Invoked command in '/home/naoki/ros2_ws/src/mypkg' returned '0': PYTHONPATH=/home/naoki/ros2_ws/src/mypkg/build/mypkg/prefix_override:/usr/lib/python3/dist-packages/colcon_core/task/python/colcon_distutils_commands:/home/naoki/ros2_ws/src/mypkg/install/mypkg/lib/python3.8/site-packages:${PYTHONPATH} /usr/bin/python3 -W ignore:setup.py install is deprecated setup.py egg_info --egg-base build/mypkg build --build-base /home/naoki/ros2_ws/src/mypkg/build/mypkg/build install --record /home/naoki/ros2_ws/src/mypkg/build/mypkg/install.log --install-scripts $base/lib/mypkg --single-version-externally-managed install_data
